train data start date : 2017-01-03 00:00:00 end date : 2020-12-30 00:00:00
!!Train data infoi!! 
  x_data.shape : (894, 50, 17) 	 y_data.shape : (894, 1)
Average ratio =,[1.07993949e+04 1.08447353e+04 1.07499954e+04 1.07981981e+04
 1.07973654e+04 1.07987965e+04 2.45684799e+06 1.11270103e+02
 1.08055043e+04 2.56390723e+01 1.07782881e+04 1.07782060e+04
 5.47029499e+01 1.59351007e+01 6.54187919e+00 1.99427293e+00
 2.28364653e+00],and Average std =, [7.85496076e+02 7.87753818e+02 7.82486839e+02 7.83236482e+02
 7.84491042e+02 7.83437181e+02 7.31963085e+05 4.49123018e+01
 7.87482087e+02 1.21481642e+02 7.58285156e+02 7.50635712e+02
 1.22428648e+01 8.63311704e+00 3.25325719e+00 1.40719256e+00
 1.28057808e+00]
None
!!Valid data infoi!! 
  x_data.shape : (167, 50, 17) 	 y_data.shape : (167, 1)
is_train is False!!!!
!!Valid data infoi!! 
  x_data.shape : (164, 50, 17) 	 y_data.shape : (164, 1)
is_train is False!!!!
!!Valid data infoi!! 
  x_data.shape : (167, 50, 17) 	 y_data.shape : (167, 1)
is_train is False!!!!
